0 info it worked if it ends with ok
1 verbose cli [ 'D:\\nodejs\\node.exe',
1 verbose cli   'D:\\nodejs\\node_modules\\npm\\bin\\npm-cli.js',
1 verbose cli   'start' ]
2 info using npm@2.14.12
3 info using node@v4.3.1
4 verbose stack Error: Failed to parse json
4 verbose stack Unexpected token '/' at 25:5
4 verbose stack     // "start": "http-server -a localhost -p 8000 -c-1 -o --cors ./app",
4 verbose stack     ^
4 verbose stack     at parseError (D:\nodejs\node_modules\npm\node_modules\read-package-json\read-json.js:379:11)
4 verbose stack     at parseJson (D:\nodejs\node_modules\npm\node_modules\read-package-json\read-json.js:68:23)
4 verbose stack     at D:\nodejs\node_modules\npm\node_modules\read-package-json\read-json.js:48:5
4 verbose stack     at D:\nodejs\node_modules\npm\node_modules\graceful-fs\graceful-fs.js:76:16
4 verbose stack     at FSReqWrap.readFileAfterClose [as oncomplete] (fs.js:380:3)
5 verbose cwd D:\Homestead\Code\AngularJS\03-Admin-Electrolab\app
6 error Windows_NT 6.1.7601
7 error argv "D:\\nodejs\\node.exe" "D:\\nodejs\\node_modules\\npm\\bin\\npm-cli.js" "start"
8 error node v4.3.1
9 error npm  v2.14.12
10 error file D:\Homestead\Code\AngularJS\03-Admin-Electrolab\package.json
11 error code EJSONPARSE
12 error Failed to parse json
12 error Unexpected token '/' at 25:5
12 error     // "start": "http-server -a localhost -p 8000 -c-1 -o --cors ./app",
12 error     ^
13 error File: D:\Homestead\Code\AngularJS\03-Admin-Electrolab\package.json
14 error Failed to parse package.json data.
14 error package.json must be actual JSON, not just JavaScript.
14 error
14 error This is not a bug in npm.
14 error Tell the package author to fix their package.json file. JSON.parse
15 verbose exit [ 1, true ]
